Using pre-set license
Built from '6000.0/release' branch; Version is '6000.0.29f1 (9fafe5c9db65) revision 10465253'; Using compiler version '193933523'; Build Type 'Release'
OS: 'Windows 10  (10.0.17763) 64bit EnterpriseS' Language: 'ru' Physical Memory: 16291 MB
BatchMode: 1, IsHumanControllingUs: 0, StartBugReporterOnCrash: 0, Is64bit: 1, IsPro: 1

COMMAND LINE ARGUMENTS:
C:\Program Files\Unity\Hub\Editor\6000.0.29f1\Editor\Unity.exe
-adb2
-batchMode
-noUpm
-name
AssetImportWorker0
-projectPath
C:/Users/Zver/project/GD/GD/GD/game/My project (1)
-logFile
Logs/AssetImportWorker0.log
-srvPort
8093
-job-worker-count
3
-background-job-worker-count
8
-asset-garbage-collectors
1
Successfully changed project path to: C:/Users/Zver/project/GD/GD/GD/game/My project (1)
C:/Users/Zver/project/GD/GD/GD/game/My project (1)
[UnityMemory] Configuration Parameters - Can be set up in boot.config
    "memorysetup-bucket-allocator-granularity=16"
    "memorysetup-bucket-allocator-bucket-count=8"
    "memorysetup-bucket-allocator-block-size=33554432"
    "memorysetup-bucket-allocator-block-count=8"
    "memorysetup-main-allocator-block-size=16777216"
    "memorysetup-thread-allocator-block-size=16777216"
    "memorysetup-gfx-main-allocator-block-size=16777216"
    "memorysetup-gfx-thread-allocator-block-size=16777216"
    "memorysetup-cache-allocator-block-size=4194304"
    "memorysetup-typetree-allocator-block-size=2097152"
    "memorysetup-profiler-bucket-allocator-granularity=16"
    "memorysetup-profiler-bucket-allocator-bucket-count=8"
    "memorysetup-profiler-bucket-allocator-block-size=33554432"
    "memorysetup-profiler-bucket-allocator-block-count=8"
    "memorysetup-profiler-allocator-block-size=16777216"
    "memorysetup-profiler-editor-allocator-block-size=1048576"
    "memorysetup-temp-allocator-size-main=16777216"
    "memorysetup-job-temp-allocator-block-size=2097152"
    "memorysetup-job-temp-allocator-block-size-background=1048576"
    "memorysetup-job-temp-allocator-reduction-small-platforms=262144"
    "memorysetup-allocator-temp-initial-block-size-main=262144"
    "memorysetup-allocator-temp-initial-block-size-worker=262144"
    "memorysetup-temp-allocator-size-background-worker=32768"
    "memorysetup-temp-allocator-size-job-worker=262144"
    "memorysetup-temp-allocator-size-preload-manager=33554432"
    "memorysetup-temp-allocator-size-nav-mesh-worker=65536"
    "memorysetup-temp-allocator-size-audio-worker=65536"
    "memorysetup-temp-allocator-size-cloud-worker=32768"
    "memorysetup-temp-allocator-size-gi-baking-worker=262144"
    "memorysetup-temp-allocator-size-gi-baking-worker=262144"
    "memorysetup-temp-allocator-size-gi-baking-worker=262144"
    "memorysetup-temp-allocator-size-gi-baking-worker=262144"
    "memorysetup-temp-allocator-size-gi-baking-worker=262144"
    "memorysetup-temp-allocator-size-gfx=262144"
Player connection [20100]  Target information:

Player connection [20100]  * "[IP] 192.168.0.171 [Port] 0 [Flags] 2 [Guid] 1661321802 [EditorId] 1661321802 [Version] 1048832 [Id] WindowsEditor(7,ZVERZVE-4TV24H2) [Debug] 1 [PackageName] WindowsEditor [ProjectName] Editor" 

Player connection [20100] Host joined multi-casting on [225.0.0.222:54997]...
Player connection [20100] Host joined alternative multi-casting on [225.0.0.222:34997]...
JobSystem: Creating JobQueue using job-worker-count value 3
[Physics::Module] Initialized fallback backend.
[Physics::Module] Id: 0xdecafbad
Library Redirect Path: Library/
[Physics::Module] Selected backend.
[Physics::Module] Name: PhysX
[Physics::Module] Id: 0xf2b8ea05
[Physics::Module] SDK Version: 4.1.2
[Physics::Module] Integration Version: 1.0.0
[Physics::Module] Threading Mode: Multi-Threaded
Refreshing native plugins compatible for Editor in 1.04 ms, found 3 plugins.
Preloading 0 native plugins for Editor in 0.00 ms.
Initialize engine version: 6000.0.29f1 (9fafe5c9db65)
[Subsystems] Discovering subsystems at path C:/Program Files/Unity/Hub/Editor/6000.0.29f1/Editor/Data/Resources/UnitySubsystems
[Subsystems] Discovering subsystems at path C:/Users/Zver/project/GD/GD/GD/game/My project (1)/Assets
GfxDevice: creating device client; kGfxThreadingModeNonThreaded
Direct3D:
    Version:  Direct3D 11.0 [level 11.1]
    Renderer: NVIDIA GeForce GTX 1650 Ti (ID=0x1f95)
    Vendor:   NVIDIA
    VRAM:     3935 MB
    Driver:   32.0.15.7283
Initialize mono
Mono path[0] = 'C:/Program Files/Unity/Hub/Editor/6000.0.29f1/Editor/Data/Managed'
Mono path[1] = 'C:/Program Files/Unity/Hub/Editor/6000.0.29f1/Editor/Data/MonoBleedingEdge/lib/mono/unityjit-win32'
Mono config path = 'C:/Program Files/Unity/Hub/Editor/6000.0.29f1/Editor/Data/MonoBleedingEdge/etc'
Using monoOptions --debugger-agent=transport=dt_socket,embedding=1,server=y,suspend=n,address=127.0.0.1:56368
Begin MonoManager ReloadAssembly
Registering precompiled unity dll's ...
Register platform support module: C:/Program Files/Unity/Hub/Editor/6000.0.29f1/Editor/Data/PlaybackEngines/WebGLSupport/UnityEditor.WebGL.Extensions.dll
Register platform support module: C:/Program Files/Unity/Hub/Editor/6000.0.29f1/Editor/Data/PlaybackEngines/WindowsStandaloneSupport/UnityEditor.WindowsStandalone.Extensions.dll
Registered in 0.003705 seconds.
- Loaded All Assemblies, in  0.573 seconds
Native extension for WindowsStandalone target not found
Native extension for WebGL target not found
Mono: successfully reloaded assembly
- Finished resetting the current domain, in  0.463 seconds
Domain Reload Profiling: 1037ms
	BeginReloadAssembly (175ms)
		ExecutionOrderSort (0ms)
		DisableScriptedObjects (0ms)
		BackupInstance (0ms)
		ReleaseScriptingObjects (0ms)
		CreateAndSetChildDomain (1ms)
	RebuildCommonClasses (72ms)
	RebuildNativeTypeToScriptingClass (17ms)
	initialDomainReloadingComplete (69ms)
	LoadAllAssembliesAndSetupDomain (241ms)
		LoadAssemblies (173ms)
		RebuildTransferFunctionScriptingTraits (0ms)
		AnalyzeDomain (237ms)
			TypeCache.Refresh (235ms)
				TypeCache.ScanAssembly (218ms)
			BuildScriptInfoCaches (0ms)
			ResolveRequiredComponents (1ms)
	FinalizeReload (464ms)
		ReleaseScriptCaches (0ms)
		RebuildScriptCaches (0ms)
		SetupLoadedEditorAssemblies (405ms)
			LogAssemblyErrors (0ms)
			InitializePlatformSupportModulesInManaged (31ms)
			SetLoadedEditorAssemblies (5ms)
			BeforeProcessingInitializeOnLoad (7ms)
			ProcessInitializeOnLoadAttributes (262ms)
			ProcessInitializeOnLoadMethodAttributes (96ms)
			AfterProcessingInitializeOnLoad (4ms)
			EditorAssembliesLoaded (0ms)
		ExecutionOrderSort2 (0ms)
		AwakeInstancesAfterBackupRestoration (0ms)
========================================================================
Worker process is ready to serve import requests
Import Worker Mode flag is 0x00
Begin MonoManager ReloadAssembly
- Loaded All Assemblies, in  0.942 seconds
Assertion failed on expression: 'IsFileCreated(assemblyPath)'
Assertion failed on expression: 'IsFileCreated(assemblyPath)'
Compilation Pipeline: Could not read file Packages/com.unity.collab-proxy/Editor/PlasticSCM/Toolbar/Unity.CollabProxy.Editor.asmdef
Fatal Error! Compilation Pipeline: Could not read file Packages/com.unity.collab-proxy/Editor/PlasticSCM/Toolbar/Unity.CollabProxy.Editor.asmdef
Crash!!!
SymInit: Symbol-SearchPath: 'C:/Program Files/Unity/Hub/Editor/6000.0.29f1/Editor/Data/Mono;.;C:\Users\Zver\project\GD\GD\GD\game\My project (1);C:\Users\Zver\project\GD\GD\GD\game\My project (1)\Library\BurstCache\JIT;C:\Program Files\Unity\Hub\Editor\6000.0.29f1\Editor;C:\Windows;C:\Windows\system32;', symOptions: 534, UserName: 'Zver'
OS-Version: 10.0.0
C:\Program Files\Unity\Hub\Editor\6000.0.29f1\Editor\Unity.exe:Unity.exe (00007FF62B150000), size: 299008 (result: 0), SymType: '-deferred-', PDB: '', fileVersion: 6000.0.29.45029
C:\Windows\SYSTEM32\ntdll.dll:ntdll.dll (00007FFBBD2E0000), size: 2023424 (result: 0), SymType: '-deferred-', PDB: '', fileVersion: 10.0.17763.7131
C:\Windows\System32\KERNEL32.DLL:KERNEL32.DLL (00007FFBBC1F0000), size: 733184 (result: 0), SymType: '-deferred-', PDB: '', fileVersion: 10.0.17763.7009
C:\Windows\System32\KERNELBASE.dll:KERNELBASE.dll (00007FFBBA0B0000), size: 2744320 (result: 0), SymType: '-deferred-', PDB: '', fileVersion: 10.0.17763.7009
C:\Windows\System32\USER32.dll:USER32.dll (00007FFBBBCF0000), size: 1667072 (result: 0), SymType: '-deferred-', PDB: '', fileVersion: 10.0.17763.7136
C:\Windows\System32\win32u.dll:win32u.dll (00007FFBBA4E0000), size: 131072 (result: 0), SymType: '-deferred-', PDB: '', fileVersion: 10.0.17763.7136
C:\Windows\System32\GDI32.dll:GDI32.dll (00007FFBBCB90000), size: 167936 (result: 0), SymType: '-deferred-', PDB: '', fileVersion: 10.0.17763.7136
C:\Windows\System32\gdi32full.dll:gdi32full.dll (00007FFBB9350000), size: 1753088 (result: 0), SymType: '-deferred-', PDB: '', fileVersion: 10.0.17763.7136
C:\Windows\System32\msvcp_win.dll:msvcp_win.dll (00007FFBB9FF0000), size: 655360 (result: 0), SymType: '-deferred-', PDB: '', fileVersion: 10.0.17763.6189
C:\Windows\System32\ucrtbase.dll:ucrtbase.dll (00007FFBBA3E0000), size: 1024000 (result: 0), SymType: '-deferred-', PDB: '', fileVersion: 10.0.17763.6189
C:\Windows\System32\IMM32.DLL:IMM32.DLL (00007FFBBC1C0000), size: 188416 (result: 0), SymType: '-deferred-', PDB: '', fileVersion: 10.0.17763.7136
C:\Program Files\Unity\Hub\Editor\6000.0.29f1\Editor\Unity.dll:Unity.dll (00007FFB29330000), size: 87056384 (result: 0), SymType: '-deferred-', PDB: '', fileVersion: 6000.0.29.45029
C:\Windows\System32\CRYPT32.dll:CRYPT32.dll (00007FFBB9D80000), size: 2162688 (result: 0), SymType: '-deferred-', PDB: '', fileVersion: 10.0.17763.7131
C:\Windows\System32\MSASN1.dll:MSASN1.dll (00007FFBB92B0000), size: 73728 (result: 0), SymType: '-deferred-', PDB: '', fileVersion: 10.0.17763.3650
C:\Windows\System32\ADVAPI32.dll:ADVAPI32.dll (00007FFBBD200000), size: 692224 (result: 0), SymType: '-deferred-', PDB: '', fileVersion: 10.0.17763.7131
C:\Windows\System32\msvcrt.dll:msvcrt.dll (00007FFBBA690000), size: 647168 (result: 0), SymType: '-deferred-', PDB: '', fileVersion: 7.0.17763.475
C:\Windows\System32\sechost.dll:sechost.dll (00007FFBBCA60000), size: 663552 (result: 0), SymType: '-deferred-', PDB: '', fileVersion: 10.0.17763.7131
C:\Windows\System32\RPCRT4.dll:RPCRT4.dll (00007FFBBC920000), size: 1146880 (result: 0), SymType: '-deferred-', PDB: '', fileVersion: 10.0.17763.6414
C:\Windows\System32\bcrypt.dll:bcrypt.dll (00007FFBB9500000), size: 155648 (result: 0), SymType: '-deferred-', PDB: '', fileVersion: 10.0.17763.6766
C:\Windows\System32\ole32.dll:ole32.dll (00007FFBBCBC0000), size: 1409024 (result: 0), SymType: '-deferred-', PDB: '', fileVersion: 10.0.17763.7131
C:\Windows\System32\combase.dll:combase.dll (00007FFBBBE90000), size: 3317760 (result: 0), SymType: '-deferred-', PDB: '', fileVersion: 10.0.17763.7131
C:\Windows\System32\bcryptPrimitives.dll:bcryptPrimitives.dll (00007FFBBA350000), size: 532480 (result: 0), SymType: '-deferred-', PDB: '', fileVersion: 10.0.17763.3887
C:\Windows\System32\SETUPAPI.dll:SETUPAPI.dll (00007FFBBCD20000), size: 4677632 (result: 0), SymType: '-deferred-', PDB: '', fileVersion: 10.0.17763.7131
C:\Windows\System32\cfgmgr32.dll:cfgmgr32.dll (00007FFBB95E0000), size: 303104 (result: 0), SymType: '-deferred-', PDB: '', fileVersion: 10.0.17763.1
C:\Windows\System32\SHELL32.dll:SHELL32.dll (00007FFBBA790000), size: 21987328 (result: 0), SymType: '-deferred-', PDB: '', fileVersion: 10.0.17763.7131
C:\Windows\System32\shcore.dll:shcore.dll (00007FFBBA580000), size: 684032 (result: 0), SymType: '-deferred-', PDB: '', fileVersion: 10.0.17763.5933
C:\Windows\System32\windows.storage.dll:windows.storage.dll (00007FFBB9630000), size: 7634944 (result: 0), SymType: '-deferred-', PDB: '', fileVersion: 10.0.17763.7131
C:\Windows\System32\profapi.dll:profapi.dll (00007FFBB9280000), size: 143360 (result: 0), SymType: '-deferred-', PDB: '', fileVersion: 10.0.17763.2989
C:\Windows\System32\powrprof.dll:powrprof.dll (00007FFBB92D0000), size: 380928 (result: 0), SymType: '-deferred-', PDB: '', fileVersion: 10.0.17763.1
C:\Program Files\Unity\Hub\Editor\6000.0.29f1\Editor\libfbxsdk.dll:libfbxsdk.dll (00007FFB3B350000), size: 8019968 (result: 0), SymType: '-deferred-', PDB: '', fileVersion: 2020.3.7.0
C:\Program Files\Unity\Hub\Editor\6000.0.29f1\Editor\s3tcompress.dll:s3tcompress.dll (00007FFB753E0000), size: 180224 (result: 0), SymType: '-deferred-', PDB: ''
C:\Windows\System32\shlwapi.dll:shlwapi.dll (00007FFBBD1A0000), size: 335872 (result: 0), SymType: '-deferred-', PDB: '', fileVersion: 10.0.17763.3469
C:\Windows\System32\kernel.appcore.dll:kernel.appcore.dll (00007FFBB9330000), size: 69632 (result: 0), SymType: '-deferred-', PDB: '', fileVersion: 10.0.17763.1
C:\Program Files\Unity\Hub\Editor\6000.0.29f1\Editor\etccompress.dll:etccompress.dll (00007FFB3BCC0000), size: 5070848 (result: 0), SymType: '-deferred-', PDB: ''
C:\Program Files\Unity\Hub\Editor\6000.0.29f1\Editor\ispc_texcomp.dll:ispc_texcomp.dll (00007FFB3BB00000), size: 1826816 (result: 0), SymType: '-deferred-', PDB: ''
C:\Windows\System32\cryptsp.dll:cryptsp.dll (00007FFBBA090000), size: 110592 (result: 0), SymType: '-deferred-', PDB: '', fileVersion: 10.0.17763.4974
C:\Program Files\Unity\Hub\Editor\6000.0.29f1\Editor\compress_bc7e.dll:compress_bc7e.dll (00007FFB4F000000), size: 1433600 (result: 0), SymType: '-deferred-', PDB: ''
C:\Program Files\Unity\Hub\Editor\6000.0.29f1\Editor\FreeImage.dll:FreeImage.dll (0000000180000000), size: 5783552 (result: 0), SymType: '-deferred-', PDB: '', fileVersion: 3.18.0.0
C:\Windows\System32\WS2_32.dll:WS2_32.dll (00007FFBBC720000), size: 446464 (result: 0), SymType: '-deferred-', PDB: '', fileVersion: 10.0.17763.2028
C:\Program Files\Unity\Hub\Editor\6000.0.29f1\Editor\WinPixEventRuntime.dll:WinPixEventRuntime.dll (00007FFB94930000), size: 53248 (result: 0), SymType: '-deferred-', PDB: '', fileVersion: 1.0.2201.24001
C:\Program Files\Unity\Hub\Editor\6000.0.29f1\Editor\umbraoptimizer64.dll:umbraoptimizer64.dll (00007FFB3DD10000), size: 1187840 (result: 0), SymType: '-deferred-', PDB: ''
C:\Windows\System32\OLEAUT32.dll:OLEAUT32.dll (00007FFBBC840000), size: 802816 (result: 0), SymType: '-deferred-', PDB: '', fileVersion: 10.0.17763.4644
C:\Windows\System32\WINTRUST.dll:WINTRUST.dll (00007FFBB9F90000), size: 393216 (result: 0), SymType: '-deferred-', PDB: '', fileVersion: 10.0.17763.6530
C:\Windows\SYSTEM32\d3d11.dll:d3d11.dll (00007FFBB63E0000), size: 2613248 (result: 0), SymType: '-deferred-', PDB: '', fileVersion: 10.0.17763.3469
C:\Windows\SYSTEM32\dwmapi.dll:dwmapi.dll (00007FFBB7510000), size: 192512 (result: 0), SymType: '-deferred-', PDB: '', fileVersion: 10.0.17763.7136
C:\Windows\SYSTEM32\d3d12.dll:d3d12.dll (00007FFB3B180000), size: 1867776 (result: 0), SymType: '-deferred-', PDB: '', fileVersion: 10.0.17763.2989
C:\Windows\SYSTEM32\dxgi.dll:dxgi.dll (00007FFBB7F30000), size: 794624 (result: 0), SymType: '-deferred-', PDB: '', fileVersion: 10.0.17763.2989
C:\Windows\SYSTEM32\HID.DLL:HID.DLL (00007FFBB7E80000), size: 57344 (result: 0), SymType: '-deferred-', PDB: '', fileVersion: 10.0.17763.1
C:\Windows\SYSTEM32\IPHLPAPI.DLL:IPHLPAPI.DLL (00007FFBB8750000), size: 249856 (result: 0), SymType: '-deferred-', PDB: '', fileVersion: 10.0.17763.2989
C:\Windows\SYSTEM32\OPENGL32.dll:OPENGL32.dll (00007FFB3B050000), size: 1208320 (result: 0), SymType: '-deferred-', PDB: '', fileVersion: 10.0.17763.1
C:\Windows\SYSTEM32\MSVCP140.dll:MSVCP140.dll (00007FFBA42A0000), size: 577536 (result: 0), SymType: '-deferred-', PDB: '', fileVersion: 14.42.34438.0
C:\Windows\SYSTEM32\VCRUNTIME140.dll:VCRUNTIME140.dll (00007FFBA4330000), size: 122880 (result: 0), SymType: '-deferred-', PDB: '', fileVersion: 14.42.34438.0
C:\Windows\SYSTEM32\VCRUNTIME140_1.dll:VCRUNTIME140_1.dll (00007FFBA4350000), size: 49152 (result: 0), SymType: '-deferred-', PDB: '', fileVersion: 14.42.34438.0
C:\Windows\SYSTEM32\WINHTTP.dll:WINHTTP.dll (00007FFBB2170000), size: 1036288 (result: 0), SymType: '-deferred-', PDB: '', fileVersion: 10.0.17763.4492
C:\Windows\SYSTEM32\WINMM.dll:WINMM.dll (00007FFBAE900000), size: 147456 (result: 0), SymType: '-deferred-', PDB: '', fileVersion: 10.0.17763.1
C:\Windows\SYSTEM32\GLU32.dll:GLU32.dll (00007FFB753B0000), size: 180224 (result: 0), SymType: '-deferred-', PDB: '', fileVersion: 10.0.17763.1
C:\Program Files\Unity\Hub\Editor\6000.0.29f1\Editor\SketchUpAPI.dll:SketchUpAPI.dll (00007FFB3A7B0000), size: 8990720 (result: 0), SymType: '-deferred-', PDB: '', fileVersion: 23.0.0.0
C:\Windows\SYSTEM32\VERSION.dll:VERSION.dll (00007FFBB3360000), size: 40960 (result: 0), SymType: '-deferred-', PDB: '', fileVersion: 10.0.17763.1
C:\Program Files\Unity\Hub\Editor\6000.0.29f1\Editor\NativeProxyHelper.dll:NativeProxyHelper.dll (00007FFB3A5F0000), size: 1789952 (result: 0), SymType: '-deferred-', PDB: ''
C:\Windows\SYSTEM32\WSOCK32.dll:WSOCK32.dll (00007FFBACDF0000), size: 36864 (result: 0), SymType: '-deferred-', PDB: '', fileVersion: 10.0.17763.1
C:\Windows\SYSTEM32\winmmbase.dll:winmmbase.dll (00007FFBAE8D0000), size: 184320 (result: 0), SymType: '-deferred-', PDB: '', fileVersion: 10.0.17763.1
C:\Program Files\Unity\Hub\Editor\6000.0.29f1\Editor\SketchUpCommonPreferences.dll:SketchUpCommonPreferences.dll (00007FFB6F940000), size: 499712 (result: 0), SymType: '-deferred-', PDB: '', fileVersion: 23.0.0.0
C:\Windows\SYSTEM32\Secur32.dll:Secur32.dll (00007FFBAAC90000), size: 49152 (result: 0), SymType: '-deferred-', PDB: '', fileVersion: 10.0.17763.1
C:\Windows\SYSTEM32\SSPICLI.DLL:SSPICLI.DLL (00007FFBB9180000), size: 192512 (result: 0), SymType: '-deferred-', PDB: '', fileVersion: 10.0.17763.7131
C:\Program Files\Unity\Hub\Editor\6000.0.29f1\Editor\OpenRL.dll:OpenRL.dll (000001FA6CE00000), size: 12779520 (result: 0), SymType: '-deferred-', PDB: '', fileVersion: 1.5.0.2907
C:\Windows\SYSTEM32\MSVCP100.dll:MSVCP100.dll (000000006B9B0000), size: 622592 (result: 0), SymType: '-deferred-', PDB: '', fileVersion: 10.0.40219.473
C:\Windows\SYSTEM32\MSVCR100.dll:MSVCR100.dll (000000006B8D0000), size: 860160 (result: 0), SymType: '-deferred-', PDB: '', fileVersion: 10.0.40219.473
C:\Program Files\Unity\Hub\Editor\6000.0.29f1\Editor\embree.dll:embree.dll (00007FFB39600000), size: 16711680 (result: 0), SymType: '-deferred-', PDB: '', fileVersion: 2.14.0.0
C:\Program Files\Unity\Hub\Editor\6000.0.29f1\Editor\tbb.dll:tbb.dll (00007FFB71A40000), size: 303104 (result: 0), SymType: '-deferred-', PDB: '', fileVersion: 2020.3.2022.1111
C:\Windows\SYSTEM32\MSWSOCK.DLL:MSWSOCK.DLL (00007FFBB8AC0000), size: 421888 (result: 0), SymType: '-deferred-', PDB: '', fileVersion: 10.0.17763.6893
C:\Program Files\Unity\Hub\Editor\6000.0.29f1\Editor\OpenRL_pthread.dll:OpenRL_pthread.dll (000001FA6DA50000), size: 61440 (result: 0), SymType: '-deferred-', PDB: '', fileVersion: 2.9.0.0
C:\Windows\system32\uxtheme.dll:uxtheme.dll (00007FFBB7440000), size: 638976 (result: 0), SymType: '-deferred-', PDB: '', fileVersion: 10.0.17763.5933
C:\Windows\system32\IconCodecService.dll:IconCodecService.dll (00007FFB8DAB0000), size: 36864 (result: 0), SymType: '-deferred-', PDB: '', fileVersion: 10.0.17763.1
C:\Windows\SYSTEM32\WindowsCodecs.dll:WindowsCodecs.dll (00007FFBB70B0000), size: 1802240 (result: 0), SymType: '-deferred-', PDB: '', fileVersion: 10.0.17763.6530
C:\Windows\System32\clbcatq.dll:clbcatq.dll (00007FFBBC790000), size: 688128 (result: 0), SymType: '-deferred-', PDB: '', fileVersion: 2001.12.10941.16384
C:\Windows\System32\netprofm.dll:netprofm.dll (00007FFBB6F40000), size: 245760 (result: 0), SymType: '-deferred-', PDB: '', fileVersion: 10.0.17763.2989
C:\Windows\System32\npmproxy.dll:npmproxy.dll (00007FFBB2B40000), size: 61440 (result: 0), SymType: '-deferred-', PDB: '', fileVersion: 10.0.17763.316
C:\Windows\System32\NSI.dll:NSI.dll (00007FFBBC460000), size: 32768 (result: 0), SymType: '-deferred-', PDB: '', fileVersion: 10.0.17763.1554
C:\Windows\SYSTEM32\dhcpcsvc6.DLL:dhcpcsvc6.DLL (00007FFBB3700000), size: 90112 (result: 0), SymType: '-deferred-', PDB: '', fileVersion: 10.0.17763.4131
C:\Windows\SYSTEM32\dhcpcsvc.DLL:dhcpcsvc.DLL (00007FFBB4100000), size: 114688 (result: 0), SymType: '-deferred-', PDB: '', fileVersion: 10.0.17763.4131
C:\Windows\SYSTEM32\DNSAPI.dll:DNSAPI.dll (00007FFBB8790000), size: 811008 (result: 0), SymType: '-deferred-', PDB: '', fileVersion: 10.0.17763.6766
C:\Windows\system32\napinsp.dll:napinsp.dll (00007FFB85B30000), size: 90112 (result: 0), SymType: '-deferred-', PDB: '', fileVersion: 10.0.17763.1
C:\Windows\system32\pnrpnsp.dll:pnrpnsp.dll (00007FFB85B10000), size: 106496 (result: 0), SymType: '-deferred-', PDB: '', fileVersion: 10.0.17763.1
C:\Windows\System32\winrnr.dll:winrnr.dll (00007FFB85B00000), size: 57344 (result: 0), SymType: '-deferred-', PDB: '', fileVersion: 10.0.17763.1
C:\Windows\system32\NLAapi.dll:NLAapi.dll (00007FFBB5320000), size: 110592 (result: 0), SymType: '-deferred-', PDB: '', fileVersion: 10.0.17763.134
C:\Windows\system32\wshbth.dll:wshbth.dll (00007FFB8BA10000), size: 86016 (result: 0), SymType: '-deferred-', PDB: '', fileVersion: 10.0.17763.1
C:\Windows\System32\fwpuclnt.dll:fwpuclnt.dll (00007FFBAC8C0000), size: 495616 (result: 0), SymType: '-deferred-', PDB: '', fileVersion: 10.0.17763.6414
C:\Windows\System32\rasadhlp.dll:rasadhlp.dll (00007FFBB25B0000), size: 40960 (result: 0), SymType: '-deferred-', PDB: '', fileVersion: 10.0.17763.1
C:\Program Files\Unity\Hub\Editor\6000.0.29f1\Editor\AMDUnityPlugin.DLL:AMDUnityPlugin.DLL (00007FFB37AA0000), size: 8814592 (result: 0), SymType: '-deferred-', PDB: ''
C:\Program Files\Unity\Hub\Editor\6000.0.29f1\Editor\NVUnityPlugin.DLL:NVUnityPlugin.DLL (00007FFB39470000), size: 1609728 (result: 0), SymType: '-deferred-', PDB: ''
C:\Program Files\Unity\Hub\Editor\6000.0.29f1\Editor\Data\Tools\astcenc-avx2.dll:astcenc-avx2.dll (00007FFB70060000), size: 364544 (result: 0), SymType: '-deferred-', PDB: ''
C:\Windows\System32\MMDevApi.dll:MMDevApi.dll (00007FFBB1C60000), size: 458752 (result: 0), SymType: '-deferred-', PDB: '', fileVersion: 10.0.17763.2989
C:\Windows\System32\DEVOBJ.dll:DEVOBJ.dll (00007FFBB9080000), size: 167936 (result: 0), SymType: '-deferred-', PDB: '', fileVersion: 10.0.17763.2145
C:\Windows\System32\PROPSYS.dll:PROPSYS.dll (00007FFBB6820000), size: 1736704 (result: 0), SymType: '-deferred-', PDB: '', fileVersion: 7.0.17763.7131
C:\Windows\System32\DriverStore\FileRepository\nvlti.inf_amd64_5e7dc1ecd937f477\nvldumdx.dll:nvldumdx.dll (00007FFBA9BE0000), size: 794624 (result: 0), SymType: '-deferred-', PDB: '', fileVersion: 32.0.15.7283
C:\Windows\SYSTEM32\cryptnet.dll:cryptnet.dll (00007FFBB3330000), size: 192512 (result: 0), SymType: '-deferred-', PDB: '', fileVersion: 10.0.17763.1911
C:\Windows\SYSTEM32\cryptbase.dll:cryptbase.dll (00007FFBB8C90000), size: 49152 (result: 0), SymType: '-deferred-', PDB: '', fileVersion: 10.0.17763.1
C:\Windows\SYSTEM32\wldp.dll:wldp.dll (00007FFBB8D20000), size: 167936 (result: 0), SymType: '-deferred-', PDB: '', fileVersion: 10.0.17763.6054
C:\Windows\SYSTEM32\drvstore.dll:drvstore.dll (00007FFBB30C0000), size: 1228800 (result: 0), SymType: '-deferred-', PDB: '', fileVersion: 10.0.17763.7131
C:\Windows\System32\imagehlp.dll:imagehlp.dll (00007FFBBCA40000), size: 118784 (result: 0), SymType: '-deferred-', PDB: '', fileVersion: 10.0.17763.1
C:\Windows\system32\rsaenh.dll:rsaenh.dll (00007FFBB8580000), size: 208896 (result: 0), SymType: '-deferred-', PDB: '', fileVersion: 10.0.17763.1999
C:\Windows\System32\DriverStore\FileRepository\nvlti.inf_amd64_5e7dc1ecd937f477\nvgpucomp64.dll:nvgpucomp64.dll (00007FFBA4650000), size: 58302464 (result: 0), SymType: '-deferred-', PDB: '', fileVersion: 32.0.15.7283
C:\Windows\System32\DriverStore\FileRepository\nvlti.inf_amd64_5e7dc1ecd937f477\Display.NvContainer\NvMessageBus.dll:NvMessageBus.dll (00007FFBAD730000), size: 3551232 (result: 0), SymType: '-deferred-', PDB: '', fileVersion: 3.15.3538.9611
C:\Windows\System32\DriverStore\FileRepository\nvlti.inf_amd64_5e7dc1ecd937f477\NvMemMapStoragex.dll:NvMemMapStoragex.dll (00007FFBA3B50000), size: 880640 (result: 0), SymType: '-deferred-', PDB: ''
C:\Windows\System32\DriverStore\FileRepository\nvlti.inf_amd64_5e7dc1ecd937f477\nvwgf2umx.dll:nvwgf2umx.dll (00007FFB9D790000), size: 87109632 (result: 0), SymType: '-deferred-', PDB: '', fileVersion: 32.0.15.7283
C:\Windows\system32\nvspcap64.dll:nvspcap64.dll (00007FFB75880000), size: 3162112 (result: 0), SymType: '-deferred-', PDB: '', fileVersion: 11.0.2.341
C:\Windows\SYSTEM32\ntmarta.dll:ntmarta.dll (00007FFBB8610000), size: 200704 (result: 0), SymType: '-deferred-', PDB: '', fileVersion: 10.0.17763.1
C:\Windows\System32\DriverStore\FileRepository\nvlti.inf_amd64_5e7dc1ecd937f477\nvppex.dll:nvppex.dll (00007FFB749F0000), size: 1785856 (result: 0), SymType: '-deferred-', PDB: '', fileVersion: 32.0.15.7283
C:\Windows\system32\wbem\wbemprox.dll:wbemprox.dll (00007FFBAB860000), size: 69632 (result: 0), SymType: '-deferred-', PDB: '', fileVersion: 10.0.17763.5933
C:\Windows\SYSTEM32\wbemcomn.dll:wbemcomn.dll (00007FFBAB710000), size: 577536 (result: 0), SymType: '-deferred-', PDB: '', fileVersion: 10.0.17763.2989
C:\Windows\system32\wbem\wbemsvc.dll:wbemsvc.dll (00007FFBAAFD0000), size: 81920 (result: 0), SymType: '-deferred-', PDB: '', fileVersion: 10.0.17763.5933
C:\Windows\system32\wbem\fastprox.dll:fastprox.dll (00007FFBAB030000), size: 987136 (result: 0), SymType: '-deferred-', PDB: '', fileVersion: 10.0.17763.1
C:\Windows\SYSTEM32\opencl.dll:opencl.dll (00007FFB58090000), size: 483328 (result: 0), SymType: '-deferred-', PDB: '', fileVersion: 3.0.6.0
C:\Program Files\Unity\Hub\Editor\6000.0.29f1\Editor\radeonrays.dll:radeonrays.dll (00007FFB58030000), size: 344064 (result: 0), SymType: '-deferred-', PDB: ''
C:\Program Files\Unity\Hub\Editor\6000.0.29f1\Editor\Data\MonoBleedingEdge\EmbedRuntime\mono-2.0-bdwgc.dll:mono-2.0-bdwgc.dll (00007FFB36D00000), size: 10756096 (result: 0), SymType: '-deferred-', PDB: ''
C:\Windows\SYSTEM32\dbghelp.dll:dbghelp.dll (00007FFBB7BA0000), size: 2019328 (result: 0), SymType: '-deferred-', PDB: '', fileVersion: 10.0.17763.1999

========== OUTPUTTING STACK TRACE ==================

0x00007FFBBA0F1B39 (KERNELBASE) RaiseException
0x00007FFB2AECAC35 (Unity) EditorMonoConsole::LogToConsoleImplementation
0x00007FFB2AECB8FA (Unity) EditorMonoConsole::LogToConsoleImplementation
0x00007FFB2BB7B9DD (Unity) DebugStringToFilePostprocessedStacktrace
0x00007FFB2BB7AD78 (Unity) DebugStringToFile
0x00007FFB2B48057C (Unity) RegisterAssemblyDefinition
0x00007FFB2B8AE936 (Unity) ProcessAssemblyAssets
0x00007FFB2B8AF646 (Unity) UpdateScriptCompilationPipelineCaches
0x00007FFB2B7C6034 (Unity) AssetImportWorkerClient::RegisterTransientArtifacts
0x00007FFB2B7C62BA (Unity) AssetImportWorkerClient::ReloadScriptingDomain
0x00007FFB2B7A1017 (Unity) <lambda_f96845ab1106210ce31769f863340c0d>::operator()
0x00007FFB2B883C2E (Unity) asio::detail::completion_handler<core::mutable_function<void __cdecl(void)>,asio::io_context::basic_executor_type<std::allocator<void>,0> >::do_complete
0x00007FFB2B8714BA (Unity) asio::detail::win_iocp_io_context::do_one
0x00007FFB2B8727EE (Unity) asio::detail::win_iocp_io_context::run
0x00007FFB2B88224C (Unity) IOService::Run
0x00007FFB2B7CA336 (Unity) RunAssetImportWorkerClientV2
0x00007FFB2B7CA3FB (Unity) RunAssetImporterV2
0x00007FFB2AFD6048 (Unity) Application::InitializeProject
0x00007FFB2B5DBD15 (Unity) UnityMain
0x00007FF62B152FBA (Unity) __scrt_common_main_seh
0x00007FFBBC207AC4 (KERNEL32) BaseThreadInitThunk
0x00007FFBBD33A8C1 (ntdll) RtlUserThreadStart

========== END OF STACKTRACE ===========

A crash has been intercepted by the crash handler. For call stack and other details, see the latest crash report generated in:
 * C:/Users/Zver/AppData/Local/Temp/Unity/Editor/Crashes
